Arguments: 
  /home/falkaipeter/.nvm/versions/node/v16.0.0/bin/node /home/falkaipeter/.nvm/versions/node/v16.0.0/bin/yarn add inquirer

PATH: 
  /home/falkaipeter/.vscode-server/bin/da15b6fd3ef856477bf6f4fb29ba1b7af717770d/bin/remote-cli:/home/falkaipeter/.nvm/versions/node/v16.0.0/bin:/usr/local/sbin:/usr/local/bin:/usr/sbin:/usr/bin:/sbin:/bin:/usr/games:/usr/local/games:/usr/lib/wsl/lib:/mnt/c/WINDOWS/system32:/mnt/c/WINDOWS:/mnt/c/WINDOWS/System32/Wbem:/mnt/c/WINDOWS/System32/WindowsPowerShell/v1.0/:/mnt/c/WINDOWS/System32/OpenSSH/:/mnt/c/Users/falkaipeter/AppData/Local/Microsoft/WindowsApps:/mnt/c/Users/falkaipeter/AppData/Local/Programs/Microsoft VS Code/bin:/snap/bin

Yarn version: 
  1.22.18

Node version: 
  16.0.0

Platform: 
  linux x64

Trace: 
  SyntaxError: /home/falkaipeter/PROJECT/gelith/package.json: Unexpected end of JSON input
      at JSON.parse (<anonymous>)
      at /home/falkaipeter/.nvm/versions/node/v16.0.0/lib/node_modules/yarn/lib/cli.js:1625:59
      at Generator.next (<anonymous>)
      at step (/home/falkaipeter/.nvm/versions/node/v16.0.0/lib/node_modules/yarn/lib/cli.js:310:30)
      at /home/falkaipeter/.nvm/versions/node/v16.0.0/lib/node_modules/yarn/lib/cli.js:321:13

npm manifest: 
  

yarn manifest: 
  No manifest

Lockfile: 
  No lockfile
